This is pdfTeX, Version 3.14159265-2.6-1.40.19 (TeX Live 2018) (preloaded format=pdflatex 2018.4.16)  9 OCT 2018 21:35
entering extended mode
 restricted \write18 enabled.
 %&-line parsing enabled.
**hw1_report.tex
(./hw1_report.tex
LaTeX2e <2018-04-01> patch level 2
Babel <3.18> and hyphenation patterns for 84 language(s) loaded.
(/usr/local/texlive/2018/texmf-dist/tex/latex/base/article.cls
Document Class: article 2014/09/29 v1.4h Standard LaTeX document class
(/usr/local/texlive/2018/texmf-dist/tex/latex/base/size11.clo
File: size11.clo 2014/09/29 v1.4h Standard LaTeX file (size option)
)
\c@part=\count80
\c@section=\count81
\c@subsection=\count82
\c@subsubsection=\count83
\c@paragraph=\count84
\c@subparagraph=\count85
\c@figure=\count86
\c@table=\count87
\abovecaptionskip=\skip41
\belowcaptionskip=\skip42
\bibindent=\dimen102
)
(/usr/local/texlive/2018/texmf-dist/tex/latex/geometry/geometry.sty
Package: geometry 2018/03/24 v5.7 Page Geometry

(/usr/local/texlive/2018/texmf-dist/tex/latex/graphics/keyval.sty
Package: keyval 2014/10/28 v1.15 key=value parser (DPC)
\KV@toks@=\toks14
)
(/usr/local/texlive/2018/texmf-dist/tex/generic/oberdiek/ifpdf.sty
Package: ifpdf 2017/03/15 v3.2 Provides the ifpdf switch
)
(/usr/local/texlive/2018/texmf-dist/tex/generic/oberdiek/ifvtex.sty
Package: ifvtex 2016/05/16 v1.6 Detect VTeX and its facilities (HO)
Package ifvtex Info: VTeX not detected.
)
(/usr/local/texlive/2018/texmf-dist/tex/generic/ifxetex/ifxetex.sty
Package: ifxetex 2010/09/12 v0.6 Provides ifxetex conditional
)
\Gm@cnth=\count88
\Gm@cntv=\count89
\c@Gm@tempcnt=\count90
\Gm@bindingoffset=\dimen103
\Gm@wd@mp=\dimen104
\Gm@odd@mp=\dimen105
\Gm@even@mp=\dimen106
\Gm@layoutwidth=\dimen107
\Gm@layoutheight=\dimen108
\Gm@layouthoffset=\dimen109
\Gm@layoutvoffset=\dimen110
\Gm@dimlist=\toks15
)
(/usr/local/texlive/2018/texmf-dist/tex/latex/fancyhdr/fancyhdr.sty
Package: fancyhdr 2017/06/30 v3.9a Extensive control of page headers and footer
s
\f@nch@headwidth=\skip43
\f@nch@O@elh=\skip44
\f@nch@O@erh=\skip45
\f@nch@O@olh=\skip46
\f@nch@O@orh=\skip47
\f@nch@O@elf=\skip48
\f@nch@O@erf=\skip49
\f@nch@O@olf=\skip50
\f@nch@O@orf=\skip51
)
(/usr/local/texlive/2018/texmf-dist/tex/latex/graphics/graphicx.sty
Package: graphicx 2017/06/01 v1.1a Enhanced LaTeX Graphics (DPC,SPQR)

(/usr/local/texlive/2018/texmf-dist/tex/latex/graphics/graphics.sty
Package: graphics 2017/06/25 v1.2c Standard LaTeX Graphics (DPC,SPQR)

(/usr/local/texlive/2018/texmf-dist/tex/latex/graphics/trig.sty
Package: trig 2016/01/03 v1.10 sin cos tan (DPC)
)
(/usr/local/texlive/2018/texmf-dist/tex/latex/graphics-cfg/graphics.cfg
File: graphics.cfg 2016/06/04 v1.11 sample graphics configuration
)
Package graphics Info: Driver file: pdftex.def on input line 99.

(/usr/local/texlive/2018/texmf-dist/tex/latex/graphics-def/pdftex.def
File: pdftex.def 2018/01/08 v1.0l Graphics/color driver for pdftex
))
\Gin@req@height=\dimen111
\Gin@req@width=\dimen112
)
(/usr/local/texlive/2018/texmf-dist/tex/latex/amsmath/amsmath.sty
Package: amsmath 2017/09/02 v2.17a AMS math features
\@mathmargin=\skip52

For additional information on amsmath, use the `?' option.
(/usr/local/texlive/2018/texmf-dist/tex/latex/amsmath/amstext.sty
Package: amstext 2000/06/29 v2.01 AMS text

(/usr/local/texlive/2018/texmf-dist/tex/latex/amsmath/amsgen.sty
File: amsgen.sty 1999/11/30 v2.0 generic functions
\@emptytoks=\toks16
\ex@=\dimen113
))
(/usr/local/texlive/2018/texmf-dist/tex/latex/amsmath/amsbsy.sty
Package: amsbsy 1999/11/29 v1.2d Bold Symbols
\pmbraise@=\dimen114
)
(/usr/local/texlive/2018/texmf-dist/tex/latex/amsmath/amsopn.sty
Package: amsopn 2016/03/08 v2.02 operator names
)
\inf@bad=\count91
LaTeX Info: Redefining \frac on input line 213.
\uproot@=\count92
\leftroot@=\count93
LaTeX Info: Redefining \overline on input line 375.
\classnum@=\count94
\DOTSCASE@=\count95
LaTeX Info: Redefining \ldots on input line 472.
LaTeX Info: Redefining \dots on input line 475.
LaTeX Info: Redefining \cdots on input line 596.
\Mathstrutbox@=\box26
\strutbox@=\box27
\big@size=\dimen115
LaTeX Font Info:    Redeclaring font encoding OML on input line 712.
LaTeX Font Info:    Redeclaring font encoding OMS on input line 713.
\macc@depth=\count96
\c@MaxMatrixCols=\count97
\dotsspace@=\muskip10
\c@parentequation=\count98
\dspbrk@lvl=\count99
\tag@help=\toks17
\row@=\count100
\column@=\count101
\maxfields@=\count102
\andhelp@=\toks18
\eqnshift@=\dimen116
\alignsep@=\dimen117
\tagshift@=\dimen118
\tagwidth@=\dimen119
\totwidth@=\dimen120
\lineht@=\dimen121
\@envbody=\toks19
\multlinegap=\skip53
\multlinetaggap=\skip54
\mathdisplay@stack=\toks20
LaTeX Info: Redefining \[ on input line 2817.
LaTeX Info: Redefining \] on input line 2818.
)
(/usr/local/texlive/2018/texmf-dist/tex/latex/amsfonts/amssymb.sty
Package: amssymb 2013/01/14 v3.01 AMS font symbols

(/usr/local/texlive/2018/texmf-dist/tex/latex/amsfonts/amsfonts.sty
Package: amsfonts 2013/01/14 v3.01 Basic AMSFonts support
\symAMSa=\mathgroup4
\symAMSb=\mathgroup5
LaTeX Font Info:    Overwriting math alphabet `\mathfrak' in version `bold'
(Font)                  U/euf/m/n --> U/euf/b/n on input line 106.
))
(/usr/local/texlive/2018/texmf-dist/tex/latex/xcolor/xcolor.sty
Package: xcolor 2016/05/11 v2.12 LaTeX color extensions (UK)

(/usr/local/texlive/2018/texmf-dist/tex/latex/graphics-cfg/color.cfg
File: color.cfg 2016/01/02 v1.6 sample color configuration
)
Package xcolor Info: Driver file: pdftex.def on input line 225.

(/usr/local/texlive/2018/texmf-dist/tex/latex/colortbl/colortbl.sty
Package: colortbl 2012/02/13 v1.0a Color table columns (DPC)

(/usr/local/texlive/2018/texmf-dist/tex/latex/tools/array.sty
Package: array 2018/04/07 v2.4g Tabular extension package (FMi)
\col@sep=\dimen122
\ar@mcellbox=\box28
\extrarowheight=\dimen123
\NC@list=\toks21
\extratabsurround=\skip55
\backup@length=\skip56
\ar@cellbox=\box29
)
\everycr=\toks22
\minrowclearance=\skip57
)
\rownum=\count103
Package xcolor Info: Model `cmy' substituted by `cmy0' on input line 1348.
Package xcolor Info: Model `hsb' substituted by `rgb' on input line 1352.
Package xcolor Info: Model `RGB' extended on input line 1364.
Package xcolor Info: Model `HTML' substituted by `rgb' on input line 1366.
Package xcolor Info: Model `Hsb' substituted by `hsb' on input line 1367.
Package xcolor Info: Model `tHsb' substituted by `hsb' on input line 1368.
Package xcolor Info: Model `HSB' substituted by `hsb' on input line 1369.
Package xcolor Info: Model `Gray' substituted by `gray' on input line 1370.
Package xcolor Info: Model `wave' substituted by `hsb' on input line 1371.
)
(/usr/local/texlive/2018/texmf-dist/tex/latex/booktabs/booktabs.sty
Package: booktabs 2016/04/27 v1.618033 publication quality tables
\heavyrulewidth=\dimen124
\lightrulewidth=\dimen125
\cmidrulewidth=\dimen126
\belowrulesep=\dimen127
\belowbottomsep=\dimen128
\aboverulesep=\dimen129
\abovetopsep=\dimen130
\cmidrulesep=\dimen131
\cmidrulekern=\dimen132
\defaultaddspace=\dimen133
\@cmidla=\count104
\@cmidlb=\count105
\@aboverulesep=\dimen134
\@belowrulesep=\dimen135
\@thisruleclass=\count106
\@lastruleclass=\count107
\@thisrulewidth=\dimen136
)
(./hw1_report.aux)
\openout1 = `hw1_report.aux'.

LaTeX Font Info:    Checking defaults for OML/cmm/m/it on input line 17.
LaTeX Font Info:    ... okay on input line 17.
LaTeX Font Info:    Checking defaults for T1/cmr/m/n on input line 17.
LaTeX Font Info:    ... okay on input line 17.
LaTeX Font Info:    Checking defaults for OT1/cmr/m/n on input line 17.
LaTeX Font Info:    ... okay on input line 17.
LaTeX Font Info:    Checking defaults for OMS/cmsy/m/n on input line 17.
LaTeX Font Info:    ... okay on input line 17.
LaTeX Font Info:    Checking defaults for OMX/cmex/m/n on input line 17.
LaTeX Font Info:    ... okay on input line 17.
LaTeX Font Info:    Checking defaults for U/cmr/m/n on input line 17.
LaTeX Font Info:    ... okay on input line 17.

*geometry* driver: auto-detecting
*geometry* detected driver: pdftex
*geometry* verbose mode - [ preamble ] result:
* driver: pdftex
* paper: <default>
* layout: <same size as paper>
* layoutoffset:(h,v)=(0.0pt,0.0pt)
* modes: 
* h-part:(L,W,R)=(72.26999pt, 469.75502pt, 72.26999pt)
* v-part:(T,H,B)=(72.26999pt, 650.43001pt, 72.26999pt)
* \paperwidth=614.295pt
* \paperheight=794.96999pt
* \textwidth=469.75502pt
* \textheight=650.43001pt
* \oddsidemargin=0.0pt
* \evensidemargin=0.0pt
* \topmargin=-37.0pt
* \headheight=12.0pt
* \headsep=25.0pt
* \topskip=11.0pt
* \footskip=30.0pt
* \marginparwidth=59.0pt
* \marginparsep=10.0pt
* \columnsep=10.0pt
* \skip\footins=10.0pt plus 4.0pt minus 2.0pt
* \hoffset=0.0pt
* \voffset=0.0pt
* \mag=1000
* \@twocolumnfalse
* \@twosidefalse
* \@mparswitchfalse
* \@reversemarginfalse
* (1in=72.27pt=25.4mm, 1cm=28.453pt)

(/usr/local/texlive/2018/texmf-dist/tex/context/base/mkii/supp-pdf.mkii
[Loading MPS to PDF converter (version 2006.09.02).]
\scratchcounter=\count108
\scratchdimen=\dimen137
\scratchbox=\box30
\nofMPsegments=\count109
\nofMParguments=\count110
\everyMPshowfont=\toks23
\MPscratchCnt=\count111
\MPscratchDim=\dimen138
\MPnumerator=\count112
\makeMPintoPDFobject=\count113
\everyMPtoPDFconversion=\toks24
) (/usr/local/texlive/2018/texmf-dist/tex/latex/oberdiek/epstopdf-base.sty
Package: epstopdf-base 2016/05/15 v2.6 Base part for package epstopdf

(/usr/local/texlive/2018/texmf-dist/tex/generic/oberdiek/infwarerr.sty
Package: infwarerr 2016/05/16 v1.4 Providing info/warning/error messages (HO)
)
(/usr/local/texlive/2018/texmf-dist/tex/latex/oberdiek/grfext.sty
Package: grfext 2016/05/16 v1.2 Manage graphics extensions (HO)

(/usr/local/texlive/2018/texmf-dist/tex/generic/oberdiek/kvdefinekeys.sty
Package: kvdefinekeys 2016/05/16 v1.4 Define keys (HO)

(/usr/local/texlive/2018/texmf-dist/tex/generic/oberdiek/ltxcmds.sty
Package: ltxcmds 2016/05/16 v1.23 LaTeX kernel commands for general use (HO)
)))
(/usr/local/texlive/2018/texmf-dist/tex/latex/oberdiek/kvoptions.sty
Package: kvoptions 2016/05/16 v3.12 Key value format for package options (HO)

(/usr/local/texlive/2018/texmf-dist/tex/generic/oberdiek/kvsetkeys.sty
Package: kvsetkeys 2016/05/16 v1.17 Key value parser (HO)

(/usr/local/texlive/2018/texmf-dist/tex/generic/oberdiek/etexcmds.sty
Package: etexcmds 2016/05/16 v1.6 Avoid name clashes with e-TeX commands (HO)

(/usr/local/texlive/2018/texmf-dist/tex/generic/oberdiek/ifluatex.sty
Package: ifluatex 2016/05/16 v1.4 Provides the ifluatex switch (HO)
Package ifluatex Info: LuaTeX not detected.
)
Package etexcmds Info: Could not find \expanded.
(etexcmds)             That can mean that you are not using pdfTeX 1.50 or
(etexcmds)             that some package has redefined \expanded.
(etexcmds)             In the latter case, load this package earlier.
)))
(/usr/local/texlive/2018/texmf-dist/tex/generic/oberdiek/pdftexcmds.sty
Package: pdftexcmds 2018/01/30 v0.27 Utility functions of pdfTeX for LuaTeX (HO
)
Package pdftexcmds Info: LuaTeX not detected.
Package pdftexcmds Info: \pdf@primitive is available.
Package pdftexcmds Info: \pdf@ifprimitive is available.
Package pdftexcmds Info: \pdfdraftmode found.
)
Package epstopdf-base Info: Redefining graphics rule for `.eps' on input line 4
38.
Package grfext Info: Graphics extension search list:
(grfext)             [.pdf,.png,.jpg,.mps,.jpeg,.jbig2,.jb2,.PDF,.PNG,.JPG,.JPE
G,.JBIG2,.JB2,.eps]
(grfext)             \AppendGraphicsExtensions on input line 456.

(/usr/local/texlive/2018/texmf-dist/tex/latex/latexconfig/epstopdf-sys.cfg
File: epstopdf-sys.cfg 2010/07/13 v1.3 Configuration of (r)epstopdf for TeX Liv
e
))
Overfull \hbox (50.95561pt too wide) in paragraph at lines 22--23
\OT1/cmr/m/n/10.95 ti-mizes a func-tion \OT1/cmtt/m/n/10.95 func \OT1/cmr/m/n/1
0.95 with start-ing point \OT1/cmtt/m/n/10.95 initial[]start[]point \OT1/cmr/m/
n/10.95 and step size \OT1/cmtt/m/n/10.95 initial[]step[]size\OT1/cmr/m/n/10.95
 .
 []

LaTeX Font Info:    Try loading font information for U+msa on input line 24.
(/usr/local/texlive/2018/texmf-dist/tex/latex/amsfonts/umsa.fd
File: umsa.fd 2013/01/14 v3.01 AMS symbols A
)
LaTeX Font Info:    Try loading font information for U+msb on input line 24.

(/usr/local/texlive/2018/texmf-dist/tex/latex/amsfonts/umsb.fd
File: umsb.fd 2013/01/14 v3.01 AMS symbols B
)
<report_images/start_point.png, id=1, 462.528pt x 346.896pt>
File: report_images/start_point.png Graphic file (type png)
<use report_images/start_point.png>
Package pdftex.def Info: report_images/start_point.png  used on input line 38.
(pdftex.def)             Requested size: 284.52756pt x 213.40593pt.


Package Fancyhdr Warning: \headheight is too small (12.0pt): 
 Make it at least 13.59999pt.
 We now make it that large for the rest of the document.
 This may cause the page layout to be inconsistent, however.

[1{/usr/local/texlive/2018/texmf-var/fonts/map/pdftex/updmap/pdftex.map}

 <./report_images/start_point.png>]
Overfull \hbox (42.40947pt too wide) in paragraph at lines 60--68
[][]  
 []

<report_images/1d_func_1/Number_of_function_evaluations.png, id=17, 462.528pt x
 346.896pt>
File: report_images/1d_func_1/Number_of_function_evaluations.png Graphic file (
type png)
<use report_images/1d_func_1/Number_of_function_evaluations.png>
Package pdftex.def Info: report_images/1d_func_1/Number_of_function_evaluations
.png  used on input line 75.
(pdftex.def)             Requested size: 170.71652pt x 128.0372pt.
<report_images/1d_func_1/Relative_Distance_from_Optimum.png, id=18, 462.528pt x
 346.896pt>
File: report_images/1d_func_1/Relative_Distance_from_Optimum.png Graphic file (
type png)
<use report_images/1d_func_1/Relative_Distance_from_Optimum.png>
Package pdftex.def Info: report_images/1d_func_1/Relative_Distance_from_Optimum
.png  used on input line 76.
(pdftex.def)             Requested size: 170.71652pt x 128.0372pt.
<report_images/1d_func_1/Time_elapsed.png, id=19, 462.528pt x 346.896pt>
File: report_images/1d_func_1/Time_elapsed.png Graphic file (type png)
<use report_images/1d_func_1/Time_elapsed.png>
Package pdftex.def Info: report_images/1d_func_1/Time_elapsed.png  used on inpu
t line 77.
(pdftex.def)             Requested size: 170.71652pt x 128.0372pt.
[2 <./report_images/1d_func_1/Number_of_function_evaluations.png> <./report_ima
ges/1d_func_1/Relative_Distance_from_Optimum.png> <./report_images/1d_func_1/Ti
me_elapsed.png>]
<report_images/1d_func_2/Number_of_function_evaluations.png, id=27, 462.528pt x
 346.896pt>
File: report_images/1d_func_2/Number_of_function_evaluations.png Graphic file (
type png)
<use report_images/1d_func_2/Number_of_function_evaluations.png>
Package pdftex.def Info: report_images/1d_func_2/Number_of_function_evaluations
.png  used on input line 82.
(pdftex.def)             Requested size: 170.71652pt x 128.0372pt.
<report_images/1d_func_2/Relative_Distance_from_Optimum.png, id=28, 462.528pt x
 346.896pt>
File: report_images/1d_func_2/Relative_Distance_from_Optimum.png Graphic file (
type png)
<use report_images/1d_func_2/Relative_Distance_from_Optimum.png>
Package pdftex.def Info: report_images/1d_func_2/Relative_Distance_from_Optimum
.png  used on input line 83.
(pdftex.def)             Requested size: 170.71652pt x 128.0372pt.
<report_images/1d_func_2/Time_elapsed.png, id=29, 462.528pt x 346.896pt>
File: report_images/1d_func_2/Time_elapsed.png Graphic file (type png)
<use report_images/1d_func_2/Time_elapsed.png>
Package pdftex.def Info: report_images/1d_func_2/Time_elapsed.png  used on inpu
t line 84.
(pdftex.def)             Requested size: 170.71652pt x 128.0372pt.
 [3 <./report_images/1d_func_2/Number_of_function_evaluations.png> <./report_im
ages/1d_func_2/Relative_Distance_from_Optimum.png> <./report_images/1d_func_2/T
ime_elapsed.png>]
Overfull \hbox (32.13893pt too wide) in paragraph at lines 106--114
[][] 
 []

<report_images/2d_func_1/Number_of_function_evaluations.png, id=36, 462.528pt x
 346.896pt>
File: report_images/2d_func_1/Number_of_function_evaluations.png Graphic file (
type png)
<use report_images/2d_func_1/Number_of_function_evaluations.png>
Package pdftex.def Info: report_images/2d_func_1/Number_of_function_evaluations
.png  used on input line 121.
(pdftex.def)             Requested size: 170.71652pt x 128.0372pt.
<report_images/2d_func_1/Relative_Distance_from_Optimum.png, id=37, 462.528pt x
 346.896pt>
File: report_images/2d_func_1/Relative_Distance_from_Optimum.png Graphic file (
type png)
<use report_images/2d_func_1/Relative_Distance_from_Optimum.png>
Package pdftex.def Info: report_images/2d_func_1/Relative_Distance_from_Optimum
.png  used on input line 122.
(pdftex.def)             Requested size: 170.71652pt x 128.0372pt.
<report_images/2d_func_1/Time_elapsed.png, id=38, 462.528pt x 346.896pt>
File: report_images/2d_func_1/Time_elapsed.png Graphic file (type png)
<use report_images/2d_func_1/Time_elapsed.png>
Package pdftex.def Info: report_images/2d_func_1/Time_elapsed.png  used on inpu
t line 123.
(pdftex.def)             Requested size: 170.71652pt x 128.0372pt.

Overfull \hbox (98.7263pt too wide) in paragraph at lines 121--124
[][] [] [] 
 []

[4 <./report_images/2d_func_1/Number_of_function_evaluations.png> <./report_ima
ges/2d_func_1/Relative_Distance_from_Optimum.png> <./report_images/2d_func_1/Ti
me_elapsed.png>]
<report_images/2d_func_2/Number_of_function_evaluations.png, id=45, 462.528pt x
 346.896pt>
File: report_images/2d_func_2/Number_of_function_evaluations.png Graphic file (
type png)
<use report_images/2d_func_2/Number_of_function_evaluations.png>
Package pdftex.def Info: report_images/2d_func_2/Number_of_function_evaluations
.png  used on input line 128.
(pdftex.def)             Requested size: 170.71652pt x 128.0372pt.
<report_images/2d_func_2/Relative_Distance_from_Optimum.png, id=46, 462.528pt x
 346.896pt>
File: report_images/2d_func_2/Relative_Distance_from_Optimum.png Graphic file (
type png)
<use report_images/2d_func_2/Relative_Distance_from_Optimum.png>
Package pdftex.def Info: report_images/2d_func_2/Relative_Distance_from_Optimum
.png  used on input line 129.
(pdftex.def)             Requested size: 170.71652pt x 128.0372pt.
<report_images/2d_func_2/Time_elapsed.png, id=47, 462.528pt x 346.896pt>
File: report_images/2d_func_2/Time_elapsed.png Graphic file (type png)
<use report_images/2d_func_2/Time_elapsed.png>
Package pdftex.def Info: report_images/2d_func_2/Time_elapsed.png  used on inpu
t line 130.
(pdftex.def)             Requested size: 170.71652pt x 128.0372pt.

Overfull \hbox (98.7263pt too wide) in paragraph at lines 128--131
[][] [] [] 
 []

[5 <./report_images/2d_func_2/Number_of_function_evaluations.png> <./report_ima
ges/2d_func_2/Relative_Distance_from_Optimum.png> <./report_images/2d_func_2/Ti
me_elapsed.png>] (./hw1_report.aux) ) 
Here is how much of TeX's memory you used:
 3626 strings out of 492649
 50094 string characters out of 6129622
 125690 words of memory out of 5000000
 7444 multiletter control sequences out of 15000+600000
 8764 words of font info for 34 fonts, out of 8000000 for 9000
 1141 hyphenation exceptions out of 8191
 41i,12n,43p,554b,389s stack positions out of 5000i,500n,10000p,200000b,80000s
</usr/local/texlive/2018/texmf-dist/fonts/
type1/public/amsfonts/cm/cmbx10.pfb></usr/local/texlive/2018/texmf-dist/fonts/t
ype1/public/amsfonts/cm/cmex10.pfb></usr/local/texlive/2018/texmf-dist/fonts/ty
pe1/public/amsfonts/cm/cmmi10.pfb></usr/local/texlive/2018/texmf-dist/fonts/typ
e1/public/amsfonts/cm/cmmi8.pfb></usr/local/texlive/2018/texmf-dist/fonts/type1
/public/amsfonts/cm/cmr10.pfb></usr/local/texlive/2018/texmf-dist/fonts/type1/p
ublic/amsfonts/cm/cmr8.pfb></usr/local/texlive/2018/texmf-dist/fonts/type1/publ
ic/amsfonts/cm/cmsy10.pfb></usr/local/texlive/2018/texmf-dist/fonts/type1/publi
c/amsfonts/cm/cmsy8.pfb></usr/local/texlive/2018/texmf-dist/fonts/type1/public/
amsfonts/cm/cmtt10.pfb>
Output written on hw1_report.pdf (5 pages, 255306 bytes).
PDF statistics:
 83 PDF objects out of 1000 (max. 8388607)
 40 compressed objects within 1 object stream
 0 named destinations out of 1000 (max. 500000)
 66 words of extra memory for PDF output out of 10000 (max. 10000000)

